[1018/100030.021:ERROR:directory_reader_win.cc(43)] FindFirstFile: The system cannot find the path specified. (0x3)
[1019/212130.977:ERROR:process_memory_win.cc(73)] ReadMemory at 0x22d4dc5d8f0 of 72 bytes failed: Only part of a ReadProcessMemory or WriteProcessMemory request was completed. (0x12B)
[1019/212130.977:WARNING:pe_image_annotations_reader.cc(135)] could not read annotations list object in C:\Program Files (x86)\Google\Chrome\Application\86.0.4240.75\chrome_elf.dll
[1019/212130.977:ERROR:process_memory_win.cc(73)] ReadMemory at 0x70070000 of 64 bytes failed: Only part of a ReadProcessMemory or WriteProcessMemory request was completed. (0x12B)
[1019/212130.977:WARNING:pe_image_reader.cc(340)] could not read dos header from C:\windows\system32\tmumh\20019\TmMon\2.8.0.1045\tmmon64.dll
[1019/212130.977:ERROR:process_memory_win.cc(73)] ReadMemory at 0x22d4dd0ce30 of 72 bytes failed: Only part of a ReadProcessMemory or WriteProcessMemory request was completed. (0x12B)
[1019/212130.978:WARNING:pe_image_annotations_reader.cc(135)] could not read annotations list object in C:\Program Files (x86)\Google\Chrome\Application\86.0.4240.75\chrome.dll
[1019/212130.978:ERROR:process_memory_win.cc(73)] ReadMemory at 0x22d4ec60000 of 64 bytes failed: Only part of a ReadProcessMemory or WriteProcessMemory request was completed. (0x12B)
[1019/212130.978:WARNING:pe_image_reader.cc(340)] could not read dos header from C:\windows\System32\OLEAUT32.dll
[1019/212130.978:ERROR:process_memory_win.cc(73)] ReadMemory at 0x22d4dfa0000 of 64 bytes failed: Only part of a ReadProcessMemory or WriteProcessMemory request was completed. (0x12B)
[1019/212130.979:WARNING:pe_image_reader.cc(340)] could not read dos header from C:\windows\System32\cfgmgr32.dll
[1019/212130.984:ERROR:process_memory_win.cc(73)] ReadMemory at 0x7ff6d3670000 of 64 bytes failed: Only part of a ReadProcessMemory or WriteProcessMemory request was completed. (0x12B)
[1019/212130.984:WARNING:pe_image_reader.cc(340)] could not read dos header from C:\Program Files (x86)\Google\Chrome\Application\chrome.exe
[1019/212130.985:ERROR:process_memory_win.cc(73)] ReadMemory at 0x22d4dc5d8f0 of 72 bytes failed: Only part of a ReadProcessMemory or WriteProcessMemory request was completed. (0x12B)
[1019/212130.985:WARNING:pe_image_annotations_reader.cc(135)] could not read annotations list object in C:\Program Files (x86)\Google\Chrome\Application\86.0.4240.75\chrome_elf.dll
[1019/212130.985:ERROR:process_memory_win.cc(73)] ReadMemory at 0x70070000 of 64 bytes failed: Only part of a ReadProcessMemory or WriteProcessMemory request was completed. (0x12B)
[1019/212130.985:WARNING:pe_image_reader.cc(340)] could not read dos header from C:\windows\system32\tmumh\20019\TmMon\2.8.0.1045\tmmon64.dll
[1019/212130.985:ERROR:process_memory_win.cc(73)] ReadMemory at 0x7ff99c940000 of 64 bytes failed: Only part of a ReadProcessMemory or WriteProcessMemory request was completed. (0x12B)
[1019/212130.985:WARNING:pe_image_reader.cc(340)] could not read dos header from C:\Program Files (x86)\Google\Chrome\Application\86.0.4240.75\chrome.dll
[1019/212130.985:ERROR:process_memory_win.cc(73)] ReadMemory at 0x22d4ec60000 of 64 bytes failed: Only part of a ReadProcessMemory or WriteProcessMemory request was completed. (0x12B)
[1019/212130.985:WARNING:pe_image_reader.cc(340)] could not read dos header from C:\windows\System32\OLEAUT32.dll
[1019/212130.985:ERROR:process_memory_win.cc(73)] ReadMemory at 0x22d4dfa0000 of 64 bytes failed: Only part of a ReadProcessMemory or WriteProcessMemory request was completed. (0x12B)
[1019/212130.985:WARNING:pe_image_reader.cc(340)] could not read dos header from C:\windows\System32\cfgmgr32.dll
[1019/212130.986:ERROR:process_memory_win.cc(73)] ReadMemory at 0x7ff6d3670000 of 64 bytes failed: Only part of a ReadProcessMemory or WriteProcessMemory request was completed. (0x12B)
[1019/212130.986:WARNING:pe_image_reader.cc(340)] could not read dos header from C:\Program Files (x86)\Google\Chrome\Application\chrome.exe
[1019/212130.986:ERROR:process_memory_win.cc(73)] ReadMemory at 0x22d4dc5d8f0 of 72 bytes failed: Only part of a ReadProcessMemory or WriteProcessMemory request was completed. (0x12B)
[1019/212130.987:WARNING:pe_image_annotations_reader.cc(135)] could not read annotations list object in C:\Program Files (x86)\Google\Chrome\Application\86.0.4240.75\chrome_elf.dll
[1019/212130.987:ERROR:process_memory_win.cc(73)] ReadMemory at 0x70070000 of 64 bytes failed: Only part of a ReadProcessMemory or WriteProcessMemory request was completed. (0x12B)
[1019/212130.987:WARNING:pe_image_reader.cc(340)] could not read dos header from C:\windows\system32\tmumh\20019\TmMon\2.8.0.1045\tmmon64.dll
[1019/212130.987:ERROR:process_memory_win.cc(73)] ReadMemory at 0x7ff99c940000 of 64 bytes failed: Only part of a ReadProcessMemory or WriteProcessMemory request was completed. (0x12B)
[1019/212130.987:WARNING:pe_image_reader.cc(340)] could not read dos header from C:\Program Files (x86)\Google\Chrome\Application\86.0.4240.75\chrome.dll
[1019/212130.987:ERROR:process_memory_win.cc(73)] ReadMemory at 0x22d4ec60000 of 64 bytes failed: Only part of a ReadProcessMemory or WriteProcessMemory request was completed. (0x12B)
[1019/212130.987:WARNING:pe_image_reader.cc(340)] could not read dos header from C:\windows\System32\OLEAUT32.dll
[1019/212130.987:ERROR:process_memory_win.cc(73)] ReadMemory at 0x22d4dfa0000 of 64 bytes failed: Only part of a ReadProcessMemory or WriteProcessMemory request was completed. (0x12B)
[1019/212130.987:WARNING:pe_image_reader.cc(340)] could not read dos header from C:\windows\System32\cfgmgr32.dll
[1019/212130.997:ERROR:process_memory_win.cc(73)] ReadMemory at 0x84db3f6000 of 40960 bytes failed: Only part of a ReadProcessMemory or WriteProcessMemory request was completed. (0x12B)
[1019/212130.997:ERROR:process_memory_win.cc(73)] ReadMemory at 0x84dbbfe000 of 8192 bytes failed: Only part of a ReadProcessMemory or WriteProcessMemory request was completed. (0x12B)
[1019/212130.997:ERROR:process_memory_win.cc(73)] ReadMemory at 0x84dc3fe000 of 8192 bytes failed: Only part of a ReadProcessMemory or WriteProcessMemory request was completed. (0x12B)
[1019/212130.997:ERROR:process_memory_win.cc(73)] ReadMemory at 0x84dcbfe000 of 8192 bytes failed: Only part of a ReadProcessMemory or WriteProcessMemory request was completed. (0x12B)
[1019/212130.998:ERROR:process_memory_win.cc(73)] ReadMemory at 0x84dd3fe000 of 8192 bytes failed: Only part of a ReadProcessMemory or WriteProcessMemory request was completed. (0x12B)
[1019/212130.998:ERROR:process_memory_win.cc(73)] ReadMemory at 0x84ddbfe000 of 8192 bytes failed: Only part of a ReadProcessMemory or WriteProcessMemory request was completed. (0x12B)
[1019/212130.998:ERROR:process_memory_win.cc(73)] ReadMemory at 0x84de3fd000 of 12288 bytes failed: Only part of a ReadProcessMemory or WriteProcessMemory request was completed. (0x12B)
[1019/212130.998:ERROR:process_memory_win.cc(73)] ReadMemory at 0x84debfe000 of 8192 bytes failed: Only part of a ReadProcessMemory or WriteProcessMemory request was completed. (0x12B)
[1019/212130.998:ERROR:process_memory_win.cc(73)] ReadMemory at 0x84df3fe000 of 8192 bytes failed: Only part of a ReadProcessMemory or WriteProcessMemory request was completed. (0x12B)
[1019/212130.998:ERROR:process_memory_win.cc(73)] ReadMemory at 0x84dfbfe000 of 8192 bytes failed: Only part of a ReadProcessMemory or WriteProcessMemory request was completed. (0x12B)
[1019/212130.998:ERROR:process_memory_win.cc(73)] ReadMemory at 0x84e03fd000 of 12288 bytes failed: Only part of a ReadProcessMemory or WriteProcessMemory request was completed. (0x12B)
[1019/212130.998:ERROR:process_memory_win.cc(73)] ReadMemory at 0x84e0bfe000 of 8192 bytes failed: Only part of a ReadProcessMemory or WriteProcessMemory request was completed. (0x12B)
[1019/212130.998:ERROR:process_memory_win.cc(73)] ReadMemory at 0x84e13fe000 of 8192 bytes failed: Only part of a ReadProcessMemory or WriteProcessMemory request was completed. (0x12B)
[1019/212130.998:ERROR:process_memory_win.cc(73)] ReadMemory at 0x84e1bfe000 of 8192 bytes failed: Only part of a ReadProcessMemory or WriteProcessMemory request was completed. (0x12B)
[1019/212130.999:ERROR:process_memory_win.cc(73)] ReadMemory at 0x84e23fe000 of 8192 bytes failed: Only part of a ReadProcessMemory or WriteProcessMemory request was completed. (0x12B)
[1019/212130.999:ERROR:process_memory_win.cc(73)] ReadMemory at 0x84e2bfe000 of 8192 bytes failed: Only part of a ReadProcessMemory or WriteProcessMemory request was completed. (0x12B)
[1019/212130.999:ERROR:process_memory_win.cc(73)] ReadMemory at 0x84e33fe000 of 8192 bytes failed: Only part of a ReadProcessMemory or WriteProcessMemory request was completed. (0x12B)
[1019/212130.999:ERROR:process_memory_win.cc(73)] ReadMemory at 0x84e3bfe000 of 8192 bytes failed: Only part of a ReadProcessMemory or WriteProcessMemory request was completed. (0x12B)
[1019/212130.999:ERROR:process_memory_win.cc(73)] ReadMemory at 0x84daa4c000 of 852 bytes failed: Only part of a ReadProcessMemory or WriteProcessMemory request was completed. (0x12B)
[1019/212130.999:ERROR:process_memory_win.cc(73)] ReadMemory at 0x84daa4d000 of 6024 bytes failed: Only part of a ReadProcessMemory or WriteProcessMemory request was completed. (0x12B)
[1019/212130.999:ERROR:process_memory_win.cc(73)] ReadMemory at 0x84daa4f000 of 6024 bytes failed: Only part of a ReadProcessMemory or WriteProcessMemory request was completed. (0x12B)
[1019/212130.999:ERROR:process_memory_win.cc(73)] ReadMemory at 0x84daa51000 of 6024 bytes failed: Only part of a ReadProcessMemory or WriteProcessMemory request was completed. (0x12B)
[1019/212131.000:ERROR:process_memory_win.cc(73)] ReadMemory at 0x84daa53000 of 6024 bytes failed: Only part of a ReadProcessMemory or WriteProcessMemory request was completed. (0x12B)
[1019/212131.000:ERROR:process_memory_win.cc(73)] ReadMemory at 0x84daa55000 of 6024 bytes failed: Only part of a ReadProcessMemory or WriteProcessMemory request was completed. (0x12B)
[1019/212131.000:ERROR:process_memory_win.cc(73)] ReadMemory at 0x84daa57000 of 6024 bytes failed: Only part of a ReadProcessMemory or WriteProcessMemory request was completed. (0x12B)
[1019/212131.000:ERROR:process_memory_win.cc(73)] ReadMemory at 0x84daa59000 of 6024 bytes failed: Only part of a ReadProcessMemory or WriteProcessMemory request was completed. (0x12B)
[1019/212131.000:ERROR:process_memory_win.cc(73)] ReadMemory at 0x84daa5b000 of 6024 bytes failed: Only part of a ReadProcessMemory or WriteProcessMemory request was completed. (0x12B)
[1019/212131.000:ERROR:process_memory_win.cc(73)] ReadMemory at 0x84daa5d000 of 6024 bytes failed: Only part of a ReadProcessMemory or WriteProcessMemory request was completed. (0x12B)
[1019/212131.000:ERROR:process_memory_win.cc(73)] ReadMemory at 0x84daa5f000 of 6024 bytes failed: Only part of a ReadProcessMemory or WriteProcessMemory request was completed. (0x12B)
[1019/212131.000:ERROR:process_memory_win.cc(73)] ReadMemory at 0x84daa61000 of 6024 bytes failed: Only part of a ReadProcessMemory or WriteProcessMemory request was completed. (0x12B)
[1019/212131.001:ERROR:process_memory_win.cc(73)] ReadMemory at 0x84daa63000 of 6024 bytes failed: Only part of a ReadProcessMemory or WriteProcessMemory request was completed. (0x12B)
[1019/212131.001:ERROR:process_memory_win.cc(73)] ReadMemory at 0x84daa65000 of 6024 bytes failed: Only part of a ReadProcessMemory or WriteProcessMemory request was completed. (0x12B)
[1019/212131.001:ERROR:process_memory_win.cc(73)] ReadMemory at 0x84daa67000 of 6024 bytes failed: Only part of a ReadProcessMemory or WriteProcessMemory request was completed. (0x12B)
[1019/212131.001:ERROR:process_memory_win.cc(73)] ReadMemory at 0x84daa69000 of 6024 bytes failed: Only part of a ReadProcessMemory or WriteProcessMemory request was completed. (0x12B)
[1019/212131.001:ERROR:process_memory_win.cc(73)] ReadMemory at 0x84daa6b000 of 6024 bytes failed: Only part of a ReadProcessMemory or WriteProcessMemory request was completed. (0x12B)
[1019/212131.001:ERROR:process_memory_win.cc(73)] ReadMemory at 0x84daa6d000 of 6024 bytes failed: Only part of a ReadProcessMemory or WriteProcessMemory request was completed. (0x12B)
[1019/212131.001:ERROR:process_memory_win.cc(73)] ReadMemory at 0x84daa6f000 of 6024 bytes failed: Only part of a ReadProcessMemory or WriteProcessMemory request was completed. (0x12B)
[1019/212131.001:ERROR:process_memory_win.cc(73)] ReadMemory at 0x22d4dc50fe0 of 3694 bytes failed: Only part of a ReadProcessMemory or WriteProcessMemory request was completed. (0x12B)
[1019/212131.001:ERROR:process_memory_win.cc(73)] ReadMemory at 0x22d4dc51e60 of 1012 bytes failed: Only part of a ReadProcessMemory or WriteProcessMemory request was completed. (0x12B)
[1019/212131.001:ERROR:process_memory_win.cc(73)] ReadMemory at 0x22d4dc524a8 of 118 bytes failed: Only part of a ReadProcessMemory or WriteProcessMemory request was completed. (0x12B)
[1019/212131.001:ERROR:process_memory_win.cc(73)] ReadMemory at 0x22d4dc52520 of 722 bytes failed: Only part of a ReadProcessMemory or WriteProcessMemory request was completed. (0x12B)
[1019/212131.001:ERROR:process_memory_win.cc(73)] ReadMemory at 0x22d4dc527f4 of 118 bytes failed: Only part of a ReadProcessMemory or WriteProcessMemory request was completed. (0x12B)
[1019/212131.001:ERROR:process_memory_win.cc(73)] ReadMemory at 0x22d4dc5286c of 102 bytes failed: Only part of a ReadProcessMemory or WriteProcessMemory request was completed. (0x12B)
[1019/212131.002:ERROR:process_memory_win.cc(73)] ReadMemory at 0x22d4dc528e0 of 58 bytes failed: Only part of a ReadProcessMemory or WriteProcessMemory request was completed. (0x12B)
[1019/212131.002:ERROR:process_memory_win.cc(73)] ReadMemory at 0x22d4dc529e0 of 132 bytes failed: Only part of a ReadProcessMemory or WriteProcessMemory request was completed. (0x12B)
[1019/212131.002:ERROR:process_memory_win.cc(73)] ReadMemory at 0x22d4dc52b70 of 132 bytes failed: Only part of a ReadProcessMemory or WriteProcessMemory request was completed. (0x12B)
[1019/212131.002:ERROR:process_memory_win.cc(73)] ReadMemory at 0x22d4dc52d30 of 124 bytes failed: Only part of a ReadProcessMemory or WriteProcessMemory request was completed. (0x12B)
[1019/212131.002:ERROR:process_memory_win.cc(73)] ReadMemory at 0x22d4dc53230 of 132 bytes failed: Only part of a ReadProcessMemory or WriteProcessMemory request was completed. (0x12B)
[1019/212131.002:ERROR:process_memory_win.cc(73)] ReadMemory at 0x22d4dc533c0 of 64 bytes failed: Only part of a ReadProcessMemory or WriteProcessMemory request was completed. (0x12B)
[1019/212131.002:ERROR:process_memory_win.cc(73)] ReadMemory at 0x22d4dc53580 of 132 bytes failed: Only part of a ReadProcessMemory or WriteProcessMemory request was completed. (0x12B)
[1019/212131.002:ERROR:process_memory_win.cc(73)] ReadMemory at 0x22d4dc53820 of 132 bytes failed: Only part of a ReadProcessMemory or WriteProcessMemory request was completed. (0x12B)
[1019/212131.002:ERROR:process_memory_win.cc(73)] ReadMemory at 0x22d4dc539b0 of 68 bytes failed: Only part of a ReadProcessMemory or WriteProcessMemory request was completed. (0x12B)
[1019/212131.002:ERROR:process_memory_win.cc(73)] ReadMemory at 0x22d4dc54a70 of 132 bytes failed: Only part of a ReadProcessMemory or WriteProcessMemory request was completed. (0x12B)
[1019/212131.002:ERROR:process_memory_win.cc(73)] ReadMemory at 0x22d4dc54c00 of 152 bytes failed: Only part of a ReadProcessMemory or WriteProcessMemory request was completed. (0x12B)
[1019/212131.002:ERROR:process_memory_win.cc(73)] ReadMemory at 0x22d4dc55830 of 132 bytes failed: Only part of a ReadProcessMemory or WriteProcessMemory request was completed. (0x12B)
[1019/212131.003:ERROR:process_memory_win.cc(73)] ReadMemory at 0x22d4dc559d0 of 60 bytes failed: Only part of a ReadProcessMemory or WriteProcessMemory request was completed. (0x12B)
[1019/212131.003:ERROR:process_memory_win.cc(73)] ReadMemory at 0x22d4dc55f30 of 62 bytes failed: Only part of a ReadProcessMemory or WriteProcessMemory request was completed. (0x12B)
[1019/212131.003:ERROR:process_memory_win.cc(73)] ReadMemory at 0x22d4dc55fb0 of 132 bytes failed: Only part of a ReadProcessMemory or WriteProcessMemory request was completed. (0x12B)
[1019/212131.003:ERROR:process_memory_win.cc(73)] ReadMemory at 0x22d4dc560e0 of 126 bytes failed: Only part of a ReadProcessMemory or WriteProcessMemory request was completed. (0x12B)
[1019/212131.003:ERROR:process_memory_win.cc(73)] ReadMemory at 0x22d4dc5d210 of 132 bytes failed: Only part of a ReadProcessMemory or WriteProcessMemory request was completed. (0x12B)
[1019/212131.004:ERROR:process_memory_win.cc(73)] ReadMemory at 0x22d4dc5d490 of 64 bytes failed: Only part of a ReadProcessMemory or WriteProcessMemory request was completed. (0x12B)
[1019/212131.004:ERROR:process_memory_win.cc(73)] ReadMemory at 0x22d4dc5d4e0 of 60 bytes failed: Only part of a ReadProcessMemory or WriteProcessMemory request was completed. (0x12B)
[1019/212131.004:ERROR:process_memory_win.cc(73)] ReadMemory at 0x22d4dc5d6c0 of 62 bytes failed: Only part of a ReadProcessMemory or WriteProcessMemory request was completed. (0x12B)
[1019/212131.004:ERROR:process_memory_win.cc(73)] ReadMemory at 0x22d4dc5da30 of 58 bytes failed: Only part of a ReadProcessMemory or WriteProcessMemory request was completed. (0x12B)
[1019/212131.004:ERROR:process_memory_win.cc(73)] ReadMemory at 0x22d4dc5eae0 of 132 bytes failed: Only part of a ReadProcessMemory or WriteProcessMemory request was completed. (0x12B)
[1019/212131.004:ERROR:process_memory_win.cc(73)] ReadMemory at 0x22d4dc5ee30 of 132 bytes failed: Only part of a ReadProcessMemory or WriteProcessMemory request was completed. (0x12B)
[1019/212131.004:ERROR:process_memory_win.cc(73)] ReadMemory at 0x22d4dc5f070 of 80 bytes failed: Only part of a ReadProcessMemory or WriteProcessMemory request was completed. (0x12B)
[1019/212131.004:ERROR:process_memory_win.cc(73)] ReadMemory at 0x22d4dc5f770 of 132 bytes failed: Only part of a ReadProcessMemory or WriteProcessMemory request was completed. (0x12B)
[1019/212131.004:ERROR:process_memory_win.cc(73)] ReadMemory at 0x22d4dc5f8a0 of 120 bytes failed: Only part of a ReadProcessMemory or WriteProcessMemory request was completed. (0x12B)
[1019/212131.004:ERROR:process_memory_win.cc(73)] ReadMemory at 0x22d4dc5f950 of 132 bytes failed: Only part of a ReadProcessMemory or WriteProcessMemory request was completed. (0x12B)
[1019/212131.004:ERROR:process_memory_win.cc(73)] ReadMemory at 0x22d4dccb390 of 58 bytes failed: Only part of a ReadProcessMemory or WriteProcessMemory request was completed. (0x12B)
[1019/212131.004:ERROR:process_memory_win.cc(73)] ReadMemory at 0x22d4dccb570 of 62 bytes failed: Only part of a ReadProcessMemory or WriteProcessMemory request was completed. (0x12B)
[1019/212131.004:ERROR:process_memory_win.cc(73)] ReadMemory at 0x22d4dccb968 of 512 bytes failed: Only part of a ReadProcessMemory or WriteProcessMemory request was completed. (0x12B)
[1019/212131.005:ERROR:process_memory_win.cc(73)] ReadMemory at 0x22d4dccbc00 of 62 bytes failed: Only part of a ReadProcessMemory or WriteProcessMemory request was completed. (0x12B)
[1019/212131.005:ERROR:process_memory_win.cc(73)] ReadMemory at 0x22d4dccc010 of 64 bytes failed: Only part of a ReadProcessMemory or WriteProcessMemory request was completed. (0x12B)
[1019/212131.005:ERROR:process_memory_win.cc(73)] ReadMemory at 0x22d4dccc060 of 60 bytes failed: Only part of a ReadProcessMemory or WriteProcessMemory request was completed. (0x12B)
[1019/212131.005:ERROR:process_memory_win.cc(73)] ReadMemory at 0x22d4dccc100 of 66 bytes failed: Only part of a ReadProcessMemory or WriteProcessMemory request was completed. (0x12B)
[1019/212131.005:ERROR:process_memory_win.cc(73)] ReadMemory at 0x22d4dccc1a0 of 60 bytes failed: Only part of a ReadProcessMemory or WriteProcessMemory request was completed. (0x12B)
[1019/212131.005:ERROR:process_memory_win.cc(73)] ReadMemory at 0x22d4dccc240 of 66 bytes failed: Only part of a ReadProcessMemory or WriteProcessMemory request was completed. (0x12B)
[1019/212131.005:ERROR:process_memory_win.cc(73)] ReadMemory at 0x22d4dccced0 of 512 bytes failed: Only part of a ReadProcessMemory or WriteProcessMemory request was completed. (0x12B)
[1019/212131.005:ERROR:process_memory_win.cc(73)] ReadMemory at 0x22d4dccd360 of 132 bytes failed: Only part of a ReadProcessMemory or WriteProcessMemory request was completed. (0x12B)
[1019/212131.005:ERROR:process_memory_win.cc(73)] ReadMemory at 0x22d4dccd490 of 132 bytes failed: Only part of a ReadProcessMemory or WriteProcessMemory request was completed. (0x12B)
[1019/212131.005:ERROR:process_memory_win.cc(73)] ReadMemory at 0x22d4dccd5c0 of 132 bytes failed: Only part of a ReadProcessMemory or WriteProcessMemory request was completed. (0x12B)
[1019/212131.006:ERROR:process_memory_win.cc(73)] ReadMemory at 0x22d4dccd6f0 of 132 bytes failed: Only part of a ReadProcessMemory or WriteProcessMemory request was completed. (0x12B)
[1019/212131.006:ERROR:process_memory_win.cc(73)] ReadMemory at 0x22d4dccd820 of 132 bytes failed: Only part of a ReadProcessMemory or WriteProcessMemory request was completed. (0x12B)
[1019/212131.006:ERROR:process_memory_win.cc(73)] ReadMemory at 0x22d4dccd950 of 132 bytes failed: Only part of a ReadProcessMemory or WriteProcessMemory request was completed. (0x12B)
[1019/212131.006:ERROR:process_memory_win.cc(73)] ReadMemory at 0x22d4dccda80 of 132 bytes failed: Only part of a ReadProcessMemory or WriteProcessMemory request was completed. (0x12B)
[1019/212131.006:ERROR:process_memory_win.cc(73)] ReadMemory at 0x22d4dccdbb0 of 132 bytes failed: Only part of a ReadProcessMemory or WriteProcessMemory request was completed. (0x12B)
[1019/212131.006:ERROR:process_memory_win.cc(73)] ReadMemory at 0x22d4dccdce0 of 132 bytes failed: Only part of a ReadProcessMemory or WriteProcessMemory request was completed. (0x12B)
[1019/212131.006:ERROR:process_memory_win.cc(73)] ReadMemory at 0x22d4dccde10 of 132 bytes failed: Only part of a ReadProcessMemory or WriteProcessMemory request was completed. (0x12B)
[1019/212131.006:ERROR:process_memory_win.cc(73)] ReadMemory at 0x22d4dccdf40 of 132 bytes failed: Only part of a ReadProcessMemory or WriteProcessMemory request was completed. (0x12B)
[1019/212131.007:ERROR:process_memory_win.cc(73)] ReadMemory at 0x22d4dcce070 of 132 bytes failed: Only part of a ReadProcessMemory or WriteProcessMemory request was completed. (0x12B)
[1019/212131.007:ERROR:process_memory_win.cc(73)] ReadMemory at 0x22d4dcce1a0 of 132 bytes failed: Only part of a ReadProcessMemory or WriteProcessMemory request was completed. (0x12B)
[1019/212131.007:ERROR:process_memory_win.cc(73)] ReadMemory at 0x22d4dcce320 of 132 bytes failed: Only part of a ReadProcessMemory or WriteProcessMemory request was completed. (0x12B)
[1019/212131.007:ERROR:process_memory_win.cc(73)] ReadMemory at 0x22d4dcce6e0 of 132 bytes failed: Only part of a ReadProcessMemory or WriteProcessMemory request was completed. (0x12B)
[1019/212131.007:ERROR:process_memory_win.cc(73)] ReadMemory at 0x22d4dcceac0 of 132 bytes failed: Only part of a ReadProcessMemory or WriteProcessMemory request was completed. (0x12B)
[1019/212131.007:ERROR:process_memory_win.cc(73)] ReadMemory at 0x22d4dccecf0 of 132 bytes failed: Only part of a ReadProcessMemory or WriteProcessMemory request was completed. (0x12B)
[1019/212131.007:ERROR:process_memory_win.cc(73)] ReadMemory at 0x22d4dcd6090 of 64 bytes failed: Only part of a ReadProcessMemory or WriteProcessMemory request was completed. (0x12B)
[1019/212131.007:ERROR:process_memory_win.cc(73)] ReadMemory at 0x22d4dcd6220 of 60 bytes failed: Only part of a ReadProcessMemory or WriteProcessMemory request was completed. (0x12B)
[1019/212131.007:ERROR:process_memory_win.cc(73)] ReadMemory at 0x22d4dcd6270 of 62 bytes failed: Only part of a ReadProcessMemory or WriteProcessMemory request was completed. (0x12B)
[1019/212131.007:ERROR:process_memory_win.cc(73)] ReadMemory at 0x22d4dcd6400 of 64 bytes failed: Only part of a ReadProcessMemory or WriteProcessMemory request was completed. (0x12B)
[1019/212131.007:ERROR:process_memory_win.cc(73)] ReadMemory at 0x22d4dcd64a0 of 66 bytes failed: Only part of a ReadProcessMemory or WriteProcessMemory request was completed. (0x12B)
[1019/212131.007:ERROR:process_memory_win.cc(73)] ReadMemory at 0x22d4dcd64f0 of 64 bytes failed: Only part of a ReadProcessMemory or WriteProcessMemory request was completed. (0x12B)
[1019/212131.007:ERROR:process_memory_win.cc(73)] ReadMemory at 0x22d4dcd6540 of 62 bytes failed: Only part of a ReadProcessMemory or WriteProcessMemory request was completed. (0x12B)
[1019/212131.008:ERROR:process_memory_win.cc(73)] ReadMemory at 0x22d4dcd65e0 of 62 bytes failed: Only part of a ReadProcessMemory or WriteProcessMemory request was completed. (0x12B)
[1019/212131.008:ERROR:process_memory_win.cc(73)] ReadMemory at 0x22d4dcd6630 of 58 bytes failed: Only part of a ReadProcessMemory or WriteProcessMemory request was completed. (0x12B)
[1019/212131.008:ERROR:process_memory_win.cc(73)] ReadMemory at 0x22d4dcd66d0 of 60 bytes failed: Only part of a ReadProcessMemory or WriteProcessMemory request was completed. (0x12B)
[1019/212131.008:ERROR:process_memory_win.cc(73)] ReadMemory at 0x22d4dcd67c0 of 64 bytes failed: Only part of a ReadProcessMemory or WriteProcessMemory request was completed. (0x12B)
[1019/212131.008:ERROR:process_memory_win.cc(73)] ReadMemory at 0x22d4dcd6860 of 62 bytes failed: Only part of a ReadProcessMemory or WriteProcessMemory request was completed. (0x12B)
[1019/212131.008:ERROR:process_memory_win.cc(73)] ReadMemory at 0x22d4dcd68b0 of 64 bytes failed: Only part of a ReadProcessMemory or WriteProcessMemory request was completed. (0x12B)
[1019/212131.008:ERROR:process_memory_win.cc(73)] ReadMemory at 0x22d4dcd6900 of 60 bytes failed: Only part of a ReadProcessMemory or WriteProcessMemory request was completed. (0x12B)
[1019/212131.008:ERROR:process_memory_win.cc(73)] ReadMemory at 0x22d4dcd69f0 of 62 bytes failed: Only part of a ReadProcessMemory or WriteProcessMemory request was completed. (0x12B)
[1019/212131.008:ERROR:process_memory_win.cc(73)] ReadMemory at 0x22d4dcd6a40 of 62 bytes failed: Only part of a ReadProcessMemory or WriteProcessMemory request was completed. (0x12B)
[1019/212131.008:ERROR:process_memory_win.cc(73)] ReadMemory at 0x22d4dcd6a90 of 60 bytes failed: Only part of a ReadProcessMemory or WriteProcessMemory request was completed. (0x12B)
[1019/212131.008:ERROR:process_memory_win.cc(73)] ReadMemory at 0x22d4dcd6b30 of 62 bytes failed: Only part of a ReadProcessMemory or WriteProcessMemory request was completed. (0x12B)
[1019/212131.008:ERROR:process_memory_win.cc(73)] ReadMemory at 0x22d4dcd6d10 of 60 bytes failed: Only part of a ReadProcessMemory or WriteProcessMemory request was completed. (0x12B)
[1019/212131.008:ERROR:process_memory_win.cc(73)] ReadMemory at 0x22d4dcd6d60 of 62 bytes failed: Only part of a ReadProcessMemory or WriteProcessMemory request was completed. (0x12B)
[1019/212131.008:ERROR:process_memory_win.cc(73)] ReadMemory at 0x22d4dcd6db0 of 64 bytes failed: Only part of a ReadProcessMemory or WriteProcessMemory request was completed. (0x12B)
[1019/212131.008:ERROR:process_memory_win.cc(73)] ReadMemory at 0x22d4dcd6e00 of 58 bytes failed: Only part of a ReadProcessMemory or WriteProcessMemory request was completed. (0x12B)
[1019/212131.008:ERROR:process_memory_win.cc(73)] ReadMemory at 0x22d4dce4770 of 512 bytes failed: Only part of a ReadProcessMemory or WriteProcessMemory request was completed. (0x12B)
[1019/212131.008:ERROR:process_memory_win.cc(73)] ReadMemory at 0x22d4dce4af0 of 512 bytes failed: Only part of a ReadProcessMemory or WriteProcessMemory request was completed. (0x12B)
[1019/212131.008:ERROR:process_memory_win.cc(73)] ReadMemory at 0x22d4dce9770 of 54 bytes failed: Only part of a ReadProcessMemory or WriteProcessMemory request was completed. (0x12B)
[1019/212131.009:ERROR:process_memory_win.cc(73)] ReadMemory at 0x22d4dceb080 of 144 bytes failed: Only part of a ReadProcessMemory or WriteProcessMemory request was completed. (0x12B)
[1019/212131.009:ERROR:process_memory_win.cc(73)] ReadMemory at 0x22d4dcf1860 of 132 bytes failed: Only part of a ReadProcessMemory or WriteProcessMemory request was completed. (0x12B)
[1019/212131.009:ERROR:process_memory_win.cc(73)] ReadMemory at 0x22d4dcf1990 of 132 bytes failed: Only part of a ReadProcessMemory or WriteProcessMemory request was completed. (0x12B)
[1019/212131.009:ERROR:process_memory_win.cc(73)] ReadMemory at 0x22d4dcf1bf0 of 132 bytes failed: Only part of a ReadProcessMemory or WriteProcessMemory request was completed. (0x12B)
[1019/212131.009:ERROR:process_memory_win.cc(73)] ReadMemory at 0x22d4dcf1e50 of 132 bytes failed: Only part of a ReadProcessMemory or WriteProcessMemory request was completed. (0x12B)
[1019/212131.009:ERROR:process_memory_win.cc(73)] ReadMemory at 0x22d4dcf1f80 of 132 bytes failed: Only part of a ReadProcessMemory or WriteProcessMemory request was completed. (0x12B)
[1019/212131.009:ERROR:process_memory_win.cc(73)] ReadMemory at 0x22d4dcf21e0 of 132 bytes failed: Only part of a ReadProcessMemory or WriteProcessMemory request was completed. (0x12B)
[1019/212131.009:ERROR:process_memory_win.cc(73)] ReadMemory at 0x22d4dcf2440 of 132 bytes failed: Only part of a ReadProcessMemory or WriteProcessMemory request was completed. (0x12B)
[1019/212131.009:ERROR:process_memory_win.cc(73)] ReadMemory at 0x22d4dcf2570 of 132 bytes failed: Only part of a ReadProcessMemory or WriteProcessMemory request was completed. (0x12B)
[1019/212131.009:ERROR:process_memory_win.cc(73)] ReadMemory at 0x22d4dcf26a0 of 132 bytes failed: Only part of a ReadProcessMemory or WriteProcessMemory request was completed. (0x12B)
[1019/212131.009:ERROR:process_memory_win.cc(73)] ReadMemory at 0x22d4dcf27d0 of 132 bytes failed: Only part of a ReadProcessMemory or WriteProcessMemory request was completed. (0x12B)
[1019/212131.009:ERROR:process_memory_win.cc(73)] ReadMemory at 0x22d4dcf2900 of 132 bytes failed: Only part of a ReadProcessMemory or WriteProcessMemory request was completed. (0x12B)
[1019/212131.009:ERROR:process_memory_win.cc(73)] ReadMemory at 0x22d4dcf2a30 of 132 bytes failed: Only part of a ReadProcessMemory or WriteProcessMemory request was completed. (0x12B)
[1019/212131.009:ERROR:process_memory_win.cc(73)] ReadMemory at 0x22d4dcf2c90 of 132 bytes failed: Only part of a ReadProcessMemory or WriteProcessMemory request was completed. (0x12B)
[1019/212131.009:ERROR:process_memory_win.cc(73)] ReadMemory at 0x22d4dcf2ef0 of 132 bytes failed: Only part of a ReadProcessMemory or WriteProcessMemory request was completed. (0x12B)
[1019/212131.009:ERROR:process_memory_win.cc(73)] ReadMemory at 0x22d4dcf3020 of 132 bytes failed: Only part of a ReadProcessMemory or WriteProcessMemory request was completed. (0x12B)
[1019/212131.009:ERROR:process_memory_win.cc(73)] ReadMemory at 0x22d4dcf3150 of 132 bytes failed: Only part of a ReadProcessMemory or WriteProcessMemory request was completed. (0x12B)
[1019/212131.010:ERROR:process_memory_win.cc(73)] ReadMemory at 0x22d4dcf3280 of 132 bytes failed: Only part of a ReadProcessMemory or WriteProcessMemory request was completed. (0x12B)
[1019/212131.010:ERROR:process_memory_win.cc(73)] ReadMemory at 0x22d4dcf33b0 of 132 bytes failed: Only part of a ReadProcessMemory or WriteProcessMemory request was completed. (0x12B)
[1019/212131.010:ERROR:process_memory_win.cc(73)] ReadMemory at 0x22d4dcf4480 of 80 bytes failed: Only part of a ReadProcessMemory or WriteProcessMemory request was completed. (0x12B)
[1019/212131.010:ERROR:process_memory_win.cc(73)] ReadMemory at 0x22d4dcf4ae0 of 76 bytes failed: Only part of a ReadProcessMemory or WriteProcessMemory request was completed. (0x12B)
[1019/212131.010:ERROR:process_memory_win.cc(73)] ReadMemory at 0x22d4dd30ed0 of 512 bytes failed: Only part of a ReadProcessMemory or WriteProcessMemory request was completed. (0x12B)
[1019/212131.010:ERROR:process_memory_win.cc(73)] ReadMemory at 0x22d4dd314d0 of 512 bytes failed: Only part of a ReadProcessMemory or WriteProcessMemory request was completed. (0x12B)
[1019/212131.010:ERROR:process_memory_win.cc(73)] ReadMemory at 0x22d4dd31fd0 of 512 bytes failed: Only part of a ReadProcessMemory or WriteProcessMemory request was completed. (0x12B)
[1019/212131.010:ERROR:process_memory_win.cc(73)] ReadMemory at 0x22d4dd32920 of 512 bytes failed: Only part of a ReadProcessMemory or WriteProcessMemory request was completed. (0x12B)
[1019/212131.010:ERROR:process_memory_win.cc(73)] ReadMemory at 0x22d4dd49f70 of 512 bytes failed: Only part of a ReadProcessMemory or WriteProcessMemory request was completed. (0x12B)
[1019/212131.010:ERROR:process_memory_win.cc(73)] ReadMemory at 0x22d4de21a80 of 512 bytes failed: Only part of a ReadProcessMemory or WriteProcessMemory request was completed. (0x12B)
[1019/212131.010:ERROR:process_memory_win.cc(73)] ReadMemory at 0x22d4de22440 of 512 bytes failed: Only part of a ReadProcessMemory or WriteProcessMemory request was completed. (0x12B)
[1019/212131.010:ERROR:process_memory_win.cc(73)] ReadMemory at 0x22d50083400 of 512 bytes failed: Only part of a ReadProcessMemory or WriteProcessMemory request was completed. (0x12B)
[1019/212131.010:ERROR:process_memory_win.cc(73)] ReadMemory at 0x22d50084d40 of 512 bytes failed: Only part of a ReadProcessMemory or WriteProcessMemory request was completed. (0x12B)
[1019/212131.010:ERROR:process_memory_win.cc(73)] ReadMemory at 0x22d500989e0 of 512 bytes failed: Only part of a ReadProcessMemory or WriteProcessMemory request was completed. (0x12B)
[1019/212131.010:ERROR:process_memory_win.cc(73)] ReadMemory at 0x22d5009ae50 of 512 bytes failed: Only part of a ReadProcessMemory or WriteProcessMemory request was completed. (0x12B)
[1019/212131.011:ERROR:process_memory_win.cc(73)] ReadMemory at 0x22d5009f960 of 512 bytes failed: Only part of a ReadProcessMemory or WriteProcessMemory request was completed. (0x12B)
[1019/212131.011:ERROR:process_memory_win.cc(73)] ReadMemory at 0x22d5009ff60 of 512 bytes failed: Only part of a ReadProcessMemory or WriteProcessMemory request was completed. (0x12B)
[1019/212131.011:ERROR:process_memory_win.cc(73)] ReadMemory at 0x22d500a1380 of 512 bytes failed: Only part of a ReadProcessMemory or WriteProcessMemory request was completed. (0x12B)
[1019/212131.011:ERROR:process_memory_win.cc(73)] ReadMemory at 0x22d500a4fd0 of 712 bytes failed: Only part of a ReadProcessMemory or WriteProcessMemory request was completed. (0x12B)
[1019/212131.011:ERROR:process_memory_win.cc(73)] ReadMemory at 0x22d500ae450 of 512 bytes failed: Only part of a ReadProcessMemory or WriteProcessMemory request was completed. (0x12B)
[1019/212131.011:ERROR:process_memory_win.cc(73)] ReadMemory at 0x22d500c9626 of 800 bytes failed: Only part of a ReadProcessMemory or WriteProcessMemory request was completed. (0x12B)
[1019/212131.011:ERROR:process_memory_win.cc(73)] ReadMemory at 0x22d500fecd8 of 512 bytes failed: Only part of a ReadProcessMemory or WriteProcessMemory request was completed. (0x12B)
[1019/212131.011:ERROR:process_memory_win.cc(73)] ReadMemory at 0x22d500fefa8 of 944 bytes failed: Only part of a ReadProcessMemory or WriteProcessMemory request was completed. (0x12B)
[1019/212131.011:ERROR:process_memory_win.cc(73)] ReadMemory at 0x22d500ff938 of 512 bytes failed: Only part of a ReadProcessMemory or WriteProcessMemory request was completed. (0x12B)
[1019/212131.011:ERROR:process_memory_win.cc(73)] ReadMemory at 0x22d5010bc12 of 512 bytes failed: Only part of a ReadProcessMemory or WriteProcessMemory request was completed. (0x12B)
[1019/212131.011:ERROR:process_memory_win.cc(73)] ReadMemory at 0x22d502df8e8 of 512 bytes failed: Only part of a ReadProcessMemory or WriteProcessMemory request was completed. (0x12B)
[1019/212131.011:ERROR:process_memory_win.cc(73)] ReadMemory at 0x22d502e27d0 of 512 bytes failed: Only part of a ReadProcessMemory or WriteProcessMemory request was completed. (0x12B)
[1019/212131.011:ERROR:process_memory_win.cc(73)] ReadMemory at 0x22d504585b0 of 512 bytes failed: Only part of a ReadProcessMemory or WriteProcessMemory request was completed. (0x12B)
[1019/212131.011:ERROR:process_memory_win.cc(73)] ReadMemory at 0x7ff99f781dd0 of 512 bytes failed: Only part of a ReadProcessMemory or WriteProcessMemory request was completed. (0x12B)
[1019/212131.011:ERROR:process_memory_win.cc(73)] ReadMemory at 0x7ff99ffb9170 of 543 bytes failed: Only part of a ReadProcessMemory or WriteProcessMemory request was completed. (0x12B)
[1019/212131.012:ERROR:process_memory_win.cc(73)] ReadMemory at 0x7ff9a544aa80 of 512 bytes failed: Only part of a ReadProcessMemory or WriteProcessMemory request was completed. (0x12B)
[1019/212131.012:ERROR:process_memory_win.cc(73)] ReadMemory at 0x7ffa090ed700 of 512 bytes failed: Only part of a ReadProcessMemory or WriteProcessMemory request was completed. (0x12B)
[1019/212131.012:ERROR:process_memory_win.cc(73)] ReadMemory at 0x7ffa0a7d1fd0 of 512 bytes failed: Only part of a ReadProcessMemory or WriteProcessMemory request was completed. (0x12B)
[1019/212131.012:ERROR:process_memory_win.cc(73)] ReadMemory at 0x7ffa0b35c0c4 of 672 bytes failed: Only part of a ReadProcessMemory or WriteProcessMemory request was completed. (0x12B)
[1019/212131.012:ERROR:process_memory_win.cc(73)] ReadMemory at 0x7ffa0b35c6c4 of 512 bytes failed: Only part of a ReadProcessMemory or WriteProcessMemory request was completed. (0x12B)
[1019/212131.012:ERROR:process_memory_win.cc(73)] ReadMemory at 0x7ffa0b35cb94 of 512 bytes failed: Only part of a ReadProcessMemory or WriteProcessMemory request was completed. (0x12B)
[1019/212131.012:ERROR:process_memory_win.cc(73)] ReadMemory at 0x7ffa0b35f974 of 608 bytes failed: Only part of a ReadProcessMemory or WriteProcessMemory request was completed. (0x12B)
[1019/212131.012:ERROR:process_memory_win.cc(73)] ReadMemory at 0x7ffa0b3ec428 of 18 bytes failed: Only part of a ReadProcessMemory or WriteProcessMemory request was completed. (0x12B)
[1019/212131.012:ERROR:process_memory_win.cc(73)] ReadMemory at 0x7ffa0b41f4f8 of 40 bytes failed: Only part of a ReadProcessMemory or WriteProcessMemory request was completed. (0x12B)
[1019/212131.012:ERROR:process_memory_win.cc(73)] ReadMemory at 0x7ffa0b41f978 of 48 bytes failed: Only part of a ReadProcessMemory or WriteProcessMemory request was completed. (0x12B)
[1019/212131.012:ERROR:process_memory_win.cc(73)] ReadMemory at 0x7ffa0b4253c0 of 64 bytes failed: Only part of a ReadProcessMemory or WriteProcessMemory request was completed. (0x12B)
[1019/212131.018:ERROR:scoped_process_suspend.cc(40)] NtResumeProcess: An attempt was made to access an exiting process. (0xc000010a)
